<?xml version="1.0" encoding="utf-8"?><testsuites><testsuite name="pytest" errors="0" failures="0" skipped="0" tests="4" time="3.206" timestamp="2026-09-18T08:44:46.339156-04:00" hostname="localhost"><testcase classname="tests.test_pipeline" name="test_cleaning_and_feature_windows" time="0.044" /><testcase classname="tests.test_pipeline" name="test_forecast_has_no_holdout_leakage" time="0.023" /><testcase classname="tests.test_pipeline" name="test_provider_auto_detection_and_safe_slug" time="0.000" /><testcase classname="tests.test_pipeline" name="test_adjusted_price_is_used_for_analysis" time="0.031" /></testsuite></testsuites>